
> server@1.0.0 dev
> nodemon server.js

[33m[nodemon] 3.1.11[39m
[33m[nodemon] to restart at any time, enter `rs`[39m
[33m[nodemon] watching path(s): *.*[39m
[33m[nodemon] watching extensions: js,mjs,cjs,json[39m
[32m[nodemon] starting `node server.js`[39m
[dotenv@17.2.3] injecting env (0) from .env -- tip: 🔐 prevent building .env in docker: https://dotenvx.com/prebuild
[dotenv@17.2.3] injecting env (0) from .env -- tip: 🔑 add access controls to secrets: https://dotenvx.com/ops
MongoDB connected: 127.0.0.1
Server running on port 5000
✅ Email service ready (Google SMTP)
[32m[nodemon] restarting child process[39m
[32m[nodemon] starting `node server.js`[39m
[dotenv@17.2.3] injecting env (0) from .env -- tip: 🔄 add secrets lifecycle management: https://dotenvx.com/ops
[dotenv@17.2.3] injecting env (0) from .env -- tip: ⚙️  specify custom .env file path with { path: '/custom/path/.env' }
MongoDB connected: 127.0.0.1
Server running on port 5000
✅ Email service ready (Google SMTP)
[31m[nodemon] app crashed - waiting for file changes before starting...[39m
